<?xml version="1.0" encoding="UTF-8"?>
<!-- Generated by org.testng.reporters.JUnitXMLReporter -->
<testsuite ignored="0" hostname="DESKTOP-U8M9UI4" failures="1" tests="6" name="Surefire test" time="58.912" errors="0" timestamp="2023-08-08T18:14:05 GMT-06:00">
  <testcase classname="automationprojects.tests.ErrorValidationsTest" name="LoginErrorValidation" time="1.164">
    <skipped/>
  </testcase> <!-- LoginErrorValidation -->
  <testcase classname="automationprojects.tests.ErrorValidationsTest" name="LoginErrorValidation" time="1.094">
    <failure type="java.lang.AssertionError" message="expected [Incorrect email or password.] but found [Incorrect email  password.]">
      <![CDATA[java.lang.AssertionError: expected [Incorrect email or password.] but found [Incorrect email  password.]
at automationprojects.tests.ErrorValidationsTest.LoginErrorValidation(ErrorValidationsTest.java:32)
at java.base/java.util.ArrayList.forEach(ArrayList.java:1511)
... Removed 36 stack frames]]>
    </failure>
  </testcase> <!-- LoginErrorValidation -->
  <testcase classname="automationprojects.tests.ErrorValidationsTest" name="ProductErrorValidation" time="8.641"/>
  <testcase classname="automationprojects.tests.SubmitOrderTest" name="SubmitOrder" time="4.092"/>
  <testcase classname="automationprojects.tests.SubmitOrderTest" name="SubmitOrder" time="3.939"/>
  <testcase classname="automationprojects.tests.SubmitOrderTest" name="OrderHistoryTest" time="0.954"/>
</testsuite> <!-- Surefire test -->
